
Output from the program FRONTIER (Version 4.1c)


instruction file = eg1.ins     
data file =        eg1.dta     


 Error Components Frontier (see B&C 1992)
 The model is a cost function
 The dependent variable is not logged


the ols estimates are :

                 coefficient     standard-error    t-ratio

  beta 0         0.13188978E+04  0.87189947E+03  0.15126719E+01
  beta 1         0.12116463E-01  0.20497527E-01  0.59111826E+00
  beta 2         0.15874907E+02  0.10292452E+02  0.15423833E+01
  beta 3        -0.19938370E+01  0.82303135E+00 -0.24225529E+01
  sigma-squared  0.23464316E+07

log likelihood function =  -0.26920606E+03

the estimates after the grid search were :

  beta 0        -0.44954999E+03
  beta 1         0.12116463E-01
  beta 2         0.15874907E+02
  beta 3        -0.19938370E+01
  sigma-squared  0.51710739E+07
  gamma          0.95000000E+00
   mu is restricted to be zero
   eta is restricted to be zero
 
 
 iteration =     0  func evals =     20  llf = -0.26787603E+03
    -0.44954999E+03 0.12116463E-01 0.15874907E+02-0.19938370E+01 0.51710739E+07
     0.95000000E+00
 gradient step
 iteration =     5  func evals =     63  llf = -0.26737511E+03
    -0.44955131E+03 0.40003527E-02 0.14246674E+02-0.13869643E+01 0.51710739E+07
     0.97747507E+00
 iteration =    10  func evals =    172  llf = -0.26663582E+03
    -0.44955143E+03 0.65885310E-02 0.50744140E+01-0.61503642E+00 0.51710739E+07
     0.99692768E+00
 iteration =    15  func evals =    233  llf = -0.26557870E+03
    -0.44954542E+03 0.65616950E-02 0.33113946E+01-0.46181637E+00 0.51710739E+07
     0.99999989E+00
 iteration =    20  func evals =    259  llf = -0.26555784E+03
    -0.44954525E+03 0.66171515E-02 0.32908844E+01-0.46199131E+00 0.51710739E+07
     0.99999999E+00
 iteration =    25  func evals =    280  llf = -0.26555730E+03
    -0.44954523E+03 0.66174355E-02 0.32891176E+01-0.46189219E+00 0.51710739E+07
     0.99999999E+00
 iteration =    30  func evals =    297  llf = -0.26555705E+03
    -0.44954521E+03 0.66191863E-02 0.32879557E+01-0.46182682E+00 0.51710739E+07
     0.99999999E+00
 iteration =    35  func evals =    317  llf = -0.26555678E+03
    -0.44954519E+03 0.66213568E-02 0.32863257E+01-0.46173504E+00 0.51710739E+07
     0.99999999E+00
 iteration =    40  func evals =    340  llf = -0.26555652E+03
    -0.44954516E+03 0.66235766E-02 0.32845719E+01-0.46163612E+00 0.51710739E+07
     0.99999999E+00
 iteration =    45  func evals =    378  llf = -0.26546743E+03
    -0.44953657E+03 0.72728623E-02 0.27132234E+01-0.42919537E+00 0.51710739E+07
     0.99999999E+00
 iteration =    50  func evals =    407  llf = -0.26546623E+03
    -0.44953649E+03 0.72754129E-02 0.27080815E+01-0.42890822E+00 0.51710739E+07
     0.99999999E+00
 iteration =    55  func evals =    426  llf = -0.26546532E+03
    -0.44953642E+03 0.72808723E-02 0.27040853E+01-0.42867885E+00 0.51710739E+07
     0.99999999E+00
 iteration =    60  func evals =    447  llf = -0.26546495E+03
    -0.44953635E+03 0.72850913E-02 0.26993846E+01-0.42840725E+00 0.51710739E+07
     0.99999999E+00
 iteration =    65  func evals =    464  llf = -0.26546406E+03
    -0.44953629E+03 0.72901124E-02 0.26958879E+01-0.42819939E+00 0.51710739E+07
     0.99999999E+00
 iteration =    70  func evals =    493  llf = -0.26546165E+03
    -0.44953604E+03 0.73076547E-02 0.26801253E+01-0.42725267E+00 0.51710739E+07
     0.99999999E+00
 iteration =    75  func evals =    511  llf = -0.26546111E+03
    -0.44953599E+03 0.73118059E-02 0.26768907E+01-0.42705461E+00 0.51710739E+07
     0.99999999E+00
 iteration =    80  func evals =    531  llf = -0.26546064E+03
    -0.44953594E+03 0.73154331E-02 0.26737109E+01-0.42686060E+00 0.51710739E+07
     0.99999999E+00
 iteration =    85  func evals =    556  llf = -0.26545764E+03
    -0.44953561E+03 0.73369701E-02 0.26537288E+01-0.42562850E+00 0.51710739E+07
     0.99999999E+00
 iteration =    90  func evals =    575  llf = -0.26545726E+03
    -0.44953556E+03 0.73400283E-02 0.26510874E+01-0.42545313E+00 0.51710739E+07
     0.99999999E+00
 iteration =    95  func evals =    645  llf = -0.26545634E+03
    -0.44953545E+03 0.73470009E-02 0.26446414E+01-0.42502328E+00 0.51710739E+07
     0.99999999E+00
 iteration =    98  func evals =    713  llf = -0.26543749E+03
    -0.44953324E+03 0.74812616E-02 0.25154086E+01-0.41631877E+00 0.51710739E+07
     0.99999999E+00


the final mle estimates are :

                 coefficient     standard-error    t-ratio

  beta 0        -0.44953324E+03  0.10007296E+01 -0.44920548E+03
  beta 1         0.74812616E-02  0.62825810E-02  0.11907943E+01
  beta 2         0.25154086E+01  0.72040042E+01  0.34916812E+00
  beta 3        -0.41631877E+00  0.60535556E+00 -0.68772602E+00
  sigma-squared  0.51710739E+07  0.10000000E+01  0.51710739E+07
  gamma          0.99999999E+00  0.88301689E-05  0.11324812E+06
   mu is restricted to be zero
   eta is restricted to be zero

log likelihood function =  -0.26543749E+03

LR test of the one-sided error =   0.75371400E+01
with number of restrictions = 1
 [note that this statistic has a mixed chi-square distribution]

number of iterations =     98

(maximum number of iterations set at :   100)

number of cross-sections =     31

number of time periods =      1

total number of observations =     31

thus there are:      0  obsns not in the panel


covariance matrix :

  0.10014598E+01  0.31026083E-02 -0.16850203E+01 -0.43142261E-01  0.23281248E-06
  0.12095144E-07
  0.31026083E-02  0.39470824E-04 -0.13667898E-02  0.16644629E-01  0.41466420E-06
  0.15477291E-06
 -0.16850203E+01 -0.13667898E-02  0.51897677E+02 -0.13313675E+02 -0.23310478E-03
 -0.48804790E-04
 -0.43142261E-01  0.16644629E-01 -0.13313675E+02  0.36645536E+00 -0.40107171E-05
 -0.27562892E-05
  0.23281248E-06  0.41466420E-06 -0.23310478E-03 -0.40107171E-05  0.10000000E+01
  0.15945304E-11
  0.12095144E-07  0.15477291E-06 -0.48804790E-04 -0.27562892E-05  0.15945304E-11
  0.77971883E-10



cost efficiency estimates :


     firm             eff.-est.

       1           0.10000000E+01
       2           0.10000000E+01
       3           0.10000000E+01
       4           0.10000000E+01
       5           0.12916006E+02
       6           0.43401723E+03
       7           0.10000000E+01
       8           0.10000000E+01
       9           0.10000000E+01
      10           0.13545992E+03
      11           0.10000000E+01
      12           0.10000000E+01
      13           0.10000000E+01
      14           0.10000000E+01
      15           0.10000000E+01
      16           0.10000000E+01
      17           0.10000000E+01
      18           0.10000000E+01
      19           0.10000000E+01
      20           0.10000000E+01
      21           0.10000000E+01
      22           0.10000000E+01
      23           0.10000000E+01
      24           0.10000000E+01
      25           0.10000000E+01
      26           0.10000000E+01
      27           0.10000000E+01
      28           0.10000000E+01
      29           0.10000000E+01
      30           0.10000000E+01
      31           0.10000000E+01


 mean efficiency =   0.19690102E+02




